Hit:1 http://us.archive.ubuntu.com/ubuntu bionic InRelease
Get:2 http://us.archive.ubuntu.com/ubuntu bionic/main Translation-en [516 kB]
Fetched 516 kB in 2s (275 kB/s)
Reading package lists...
Reading package lists...
Building dependency tree...
The following additional packages will be installed:
  binutils binutils-common binutils-x86-64-linux-gnu bzip2 ca-certificates cpp
  cpp-7 dh-python dirmngr dpkg-dev fakeroot file g++ g++-7 gcc gcc-7
  gcc-7-base git-man gnupg gnupg-l10n gnupg-utils gpg gpg-agent gpg-wks-client
  gpg-wks-server gpgconf gpgsm krb5-locales less libalgorithm-diff-perl
  libalgorithm-diff-xs-perl libalgorithm-merge-perl libasan4 libasn1-8-heimdal
  libassuan0 libatomic1 libbinutils libbsd0 libc-dev-bin libc6-dev libcc1-0
  libcilkrts5 libcurl3-gnutls libdpkg-perl libedit2 liberror-perl libexpat1
  libexpat1-dev libfakeroot libfile-fcntllock-perl libgcc-7-dev
  libgdbm-compat4 libgdbm5 libgomp1 libgssapi-krb5-2 libgssapi3-heimdal
  libhcrypto4-heimdal libheimbase1-heimdal libheimntlm0-heimdal
  libhx509-5-heimdal libisl19 libitm1 libk5crypto3 libkeyutils1
  libkrb5-26-heimdal libkrb5-3 libkrb5support0 libksba8 libldap-2.4-2
  libldap-common liblocale-gettext-perl liblsan0 libmagic-mgc libmagic1
  libmpc3 libmpdec2 libmpfr6 libmpx2 libnghttp2-14 libnpth0 libperl5.26
  libpsl5 libpython-dev libpython-stdlib libpython2.7 libpython2.7-dev
  libpython2.7-minimal libpython2.7-stdlib libpython3-dev libpython3-stdlib
  libpython3.6 libpython3.6-dev libpython3.6-minimal libpython3.6-stdlib
  libquadmath0 libreadline7 libroken18-heimdal librtmp1 libsasl2-2
  libsasl2-modules libsasl2-modules-db libsqlite3-0 libssl-doc libssl1.0.0
  libssl1.1 libstdc++-7-dev libtsan0 libubsan0 libwind0-heimdal libx11-6
  libx11-data libxau6 libxcb1 libxdmcp6 libxext6 libxmuu1 linux-libc-dev make
  manpages manpages-dev mime-support multiarch-support netbase openssh-client
  openssl patch perl perl-modules-5.26 pinentry-curses publicsuffix python
  python-minimal python2.7 python2.7-dev python2.7-minimal python3
  python3-distutils python3-lib2to3 python3-minimal python3.6 python3.6-dev
  python3.6-minimal readline-common xauth xz-utils
Suggested packages:
  binutils-doc bzip2-doc cpp-doc gcc-7-locales dbus-user-session
  libpam-systemd pinentry-gnome3 tor debian-keyring g++-multilib
  g++-7-multilib gcc-7-doc libstdc++6-7-dbg gcc-multilib autoconf automake
  libtool flex bison gdb gcc-doc gcc-7-multilib libgcc1-dbg libgomp1-dbg
  libitm1-dbg libatomic1-dbg libasan4-dbg liblsan0-dbg libtsan0-dbg
  libubsan0-dbg libcilkrts5-dbg libmpx2-dbg libquadmath0-dbg gettext-base
  git-daemon-run | git-daemon-sysvinit git-doc git-el git-email git-gui gitk
  gitweb git-cvs git-mediawiki git-svn parcimonie xloadimage scdaemon
  glibc-doc bzr gdbm-l10n krb5-doc krb5-user libsasl2-modules-gssapi-mit
  | libsasl2-modules-gssapi-heimdal libsasl2-modules-ldap libsasl2-modules-otp
  libsasl2-modules-sql libstdc++-7-doc make-doc man-browser keychain
  libpam-ssh monkeysphere ssh-askpass ed diffutils-doc perl-doc
  libterm-readline-gnu-perl | libterm-readline-perl-perl pinentry-doc
  python-doc python-tk python2.7-doc binfmt-support python3-doc python3-tk
  python3-venv python3.6-venv python3.6-doc readline-doc
The following NEW packages will be installed:
  binutils binutils-common binutils-x86-64-linux-gnu build-essential bzip2
  ca-certificates cpp cpp-7 dh-python dirmngr dpkg-dev fakeroot file g++ g++-7
  gcc gcc-7 gcc-7-base git git-man gnupg gnupg-l10n gnupg-utils gpg gpg-agent
  gpg-wks-client gpg-wks-server gpgconf gpgsm krb5-locales less
  libalgorithm-diff-perl libalgorithm-diff-xs-perl libalgorithm-merge-perl
  libasan4 libasn1-8-heimdal libassuan0 libatomic1 libbinutils libbsd0
  libc-dev-bin libc6-dev libcc1-0 libcilkrts5 libcurl3-gnutls libdpkg-perl
  libedit2 liberror-perl libexpat1 libexpat1-dev libfakeroot
  libfile-fcntllock-perl libgcc-7-dev libgdbm-compat4 libgdbm5 libgomp1
  libgssapi-krb5-2 libgssapi3-heimdal libhcrypto4-heimdal libheimbase1-heimdal
  libheimntlm0-heimdal libhx509-5-heimdal libisl19 libitm1 libk5crypto3
  libkeyutils1 libkrb5-26-heimdal libkrb5-3 libkrb5support0 libksba8
  libldap-2.4-2 libldap-common liblocale-gettext-perl liblsan0 libmagic-mgc
  libmagic1 libmpc3 libmpdec2 libmpfr6 libmpx2 libnghttp2-14 libnpth0
  libperl5.26 libpsl5 libpython-dev libpython-stdlib libpython2.7
  libpython2.7-dev libpython2.7-minimal libpython2.7-stdlib libpython3-dev
  libpython3-stdlib libpython3.6 libpython3.6-dev libpython3.6-minimal
  libpython3.6-stdlib libquadmath0 libreadline7 libroken18-heimdal librtmp1
  libsasl2-2 libsasl2-modules libsasl2-modules-db libsqlite3-0 libssl-dev
  libssl-doc libssl1.0.0 libssl1.1 libstdc++-7-dev libtsan0 libubsan0
  libwind0-heimdal libx11-6 libx11-data libxau6 libxcb1 libxdmcp6 libxext6
  libxmuu1 linux-libc-dev make manpages manpages-dev mime-support
  multiarch-support netbase openssh-client openssl patch perl
  perl-modules-5.26 pinentry-curses publicsuffix python python-dev
  python-minimal python2.7 python2.7-dev python2.7-minimal python3 python3-dev
  python3-distutils python3-lib2to3 python3-minimal python3.6 python3.6-dev
  python3.6-minimal readline-common wget xauth xz-utils
0 upgraded, 151 newly installed, 0 to remove and 0 not upgraded.
Need to get 105 MB of archives.
After this operation, 399 MB of additional disk space will be used.
Get:1 http://us.archive.ubuntu.com/ubuntu bionic/main amd64 liblocale-gettext-perl amd64 1.07-3build2 [16.6 kB]
Get:2 http://us.archive.ubuntu.com/ubuntu bionic/main amd64 libssl1.1 amd64 1.1.0g-2ubuntu4 [1128 kB]
Get:3 http://us.archive.ubuntu.com/ubuntu bionic/main amd64 libpython3.6-minimal amd64 3.6.5-3 [529 kB]
Get:4 http://us.archive.ubuntu.com/ubuntu bionic/main amd64 libexpat1 amd64 2.2.5-3 [80.2 kB]
Get:5 http://us.archive.ubuntu.com/ubuntu bionic/main amd64 python3.6-minimal amd64 3.6.5-3 [1425 kB]
Get:6 http://us.archive.ubuntu.com/ubuntu bionic/main amd64 python3-minimal amd64 3.6.5-3 [23.8 kB]
Get:7 http://us.archive.ubuntu.com/ubuntu bionic/main amd64 mime-support all 3.60ubuntu1 [30.1 kB]
Get:8 http://us.archive.ubuntu.com/ubuntu bionic/main amd64 libmpdec2 amd64 2.4.2-1ubuntu1 [84.1 kB]
Get:9 http://us.archive.ubuntu.com/ubuntu bionic/main amd64 readline-common all 7.0-3 [52.9 kB]
Get:10 http://us.archive.ubuntu.com/ubuntu bionic/main amd64 libreadline7 amd64 7.0-3 [124 kB]
Get:11 http://us.archive.ubuntu.com/ubuntu bionic/main amd64 libsqlite3-0 amd64 3.22.0-1 [496 kB]
Get:12 http://us.archive.ubuntu.com/ubuntu bionic/main amd64 libpython3.6-stdlib amd64 3.6.5-3 [1648 kB]
Get:13 http://us.archive.ubuntu.com/ubuntu bionic/main amd64 python3.6 amd64 3.6.5-3 [186 kB]
Get:14 http://us.archive.ubuntu.com/ubuntu bionic/main amd64 libpython3-stdlib amd64 3.6.5-3 [7276 B]
Get:15 http://us.archive.ubuntu.com/ubuntu bionic/main amd64 python3 amd64 3.6.5-3 [10.2 kB]
Get:16 http://us.archive.ubuntu.com/ubuntu bionic/main amd64 multiarch-support amd64 2.27-3ubuntu1 [6916 B]
Get:17 http://us.archive.ubuntu.com/ubuntu bionic/main amd64 libxau6 amd64 1:1.0.8-1 [8376 B]
Get:18 http://us.archive.ubuntu.com/ubuntu bionic/main amd64 libbsd0 amd64 0.8.7-1 [41.5 kB]
Get:19 http://us.archive.ubuntu.com/ubuntu bionic/main amd64 libxdmcp6 amd64 1:1.1.2-3 [10.7 kB]
Get:20 http://us.archive.ubuntu.com/ubuntu bionic/main amd64 libxcb1 amd64 1.13-1 [45.6 kB]
Get:21 http://us.archive.ubuntu.com/ubuntu bionic/main amd64 libx11-data all 2:1.6.4-3 [114 kB]
Get:22 http://us.archive.ubuntu.com/ubuntu bionic/main amd64 libx11-6 amd64 2:1.6.4-3 [572 kB]
Get:23 http://us.archive.ubuntu.com/ubuntu bionic/main amd64 libxext6 amd64 2:1.3.3-1 [29.4 kB]
Get:24 http://us.archive.ubuntu.com/ubuntu bionic/main amd64 perl-modules-5.26 all 5.26.1-6 [2760 kB]
Get:25 http://us.archive.ubuntu.com/ubuntu bionic/main amd64 libgdbm5 amd64 1.14.1-6 [26.0 kB]
Get:26 http://us.archive.ubuntu.com/ubuntu bionic/main amd64 libgdbm-compat4 amd64 1.14.1-6 [6084 B]
Get:27 http://us.archive.ubuntu.com/ubuntu bionic/main amd64 libperl5.26 amd64 5.26.1-6 [3532 kB]
Get:28 http://us.archive.ubuntu.com/ubuntu bionic/main amd64 perl amd64 5.26.1-6 [201 kB]
Get:29 http://us.archive.ubuntu.com/ubuntu bionic/main amd64 libpython2.7-minimal amd64 2.7.15~rc1-1 [334 kB]
Get:30 http://us.archive.ubuntu.com/ubuntu bionic/main amd64 python2.7-minimal amd64 2.7.15~rc1-1 [1292 kB]
Get:31 http://us.archive.ubuntu.com/ubuntu bionic/main amd64 python-minimal amd64 2.7.15~rc1-1 [28.1 kB]
Get:32 http://us.archive.ubuntu.com/ubuntu bionic/main amd64 libpython2.7-stdlib amd64 2.7.15~rc1-1 [1910 kB]
Get:33 http://us.archive.ubuntu.com/ubuntu bionic/main amd64 python2.7 amd64 2.7.15~rc1-1 [238 kB]
Get:34 http://us.archive.ubuntu.com/ubuntu bionic/main amd64 libpython-stdlib amd64 2.7.15~rc1-1 [7620 B]
Get:35 http://us.archive.ubuntu.com/ubuntu bionic/main amd64 python amd64 2.7.15~rc1-1 [140 kB]
Get:36 http://us.archive.ubuntu.com/ubuntu bionic/main amd64 bzip2 amd64 1.0.6-8.1 [33.4 kB]
Get:37 http://us.archive.ubuntu.com/ubuntu bionic/main amd64 openssl amd64 1.1.0g-2ubuntu4 [532 kB]
Get:38 http://us.archive.ubuntu.com/ubuntu bionic/main amd64 ca-certificates all 20180409 [151 kB]
Get:39 http://us.archive.ubuntu.com/ubuntu bionic/main amd64 libmagic-mgc amd64 1:5.32-2 [184 kB]
Get:40 http://us.archive.ubuntu.com/ubuntu bionic/main amd64 libmagic1 amd64 1:5.32-2 [68.5 kB]
Get:41 http://us.archive.ubuntu.com/ubuntu bionic/main amd64 file amd64 1:5.32-2 [22.1 kB]
Get:42 http://us.archive.ubuntu.com/ubuntu bionic/main amd64 less amd64 487-0.1 [112 kB]
Get:43 http://us.archive.ubuntu.com/ubuntu bionic/main amd64 netbase all 5.4 [12.7 kB]
Get:44 http://us.archive.ubuntu.com/ubuntu bionic/main amd64 xz-utils amd64 5.2.2-1.3 [83.8 kB]
Get:45 http://us.archive.ubuntu.com/ubuntu bionic/main amd64 krb5-locales all 1.16-2build1 [13.8 kB]
Get:46 http://us.archive.ubuntu.com/ubuntu bionic/main amd64 libedit2 amd64 3.1-20170329-1 [76.9 kB]
Get:47 http://us.archive.ubuntu.com/ubuntu bionic/main amd64 libkrb5support0 amd64 1.16-2build1 [31.1 kB]
Get:48 http://us.archive.ubuntu.com/ubuntu bionic/main amd64 libk5crypto3 amd64 1.16-2build1 [85.6 kB]
Get:49 http://us.archive.ubuntu.com/ubuntu bionic/main amd64 libkeyutils1 amd64 1.5.9-9.2ubuntu2 [8720 B]
Get:50 http://us.archive.ubuntu.com/ubuntu bionic/main amd64 libkrb5-3 amd64 1.16-2build1 [279 kB]
Get:51 http://us.archive.ubuntu.com/ubuntu bionic/main amd64 libgssapi-krb5-2 amd64 1.16-2build1 [122 kB]
Get:52 http://us.archive.ubuntu.com/ubuntu bionic/main amd64 libpsl5 amd64 0.19.1-5build1 [41.8 kB]
Get:53 http://us.archive.ubuntu.com/ubuntu bionic/main amd64 libssl1.0.0 amd64 1.0.2n-1ubuntu5 [1087 kB]
Get:54 http://us.archive.ubuntu.com/ubuntu bionic/main amd64 libxmuu1 amd64 2:1.1.2-2 [9674 B]
Get:55 http://us.archive.ubuntu.com/ubuntu bionic/main amd64 manpages all 4.15-1 [1234 kB]
Get:56 http://us.archive.ubuntu.com/ubuntu bionic/main amd64 openssh-client amd64 1:7.6p1-4 [611 kB]
Get:57 http://us.archive.ubuntu.com/ubuntu bionic/main amd64 publicsuffix all 20180223.1310-1 [97.6 kB]
Get:58 http://us.archive.ubuntu.com/ubuntu bionic/main amd64 wget amd64 1.19.4-1ubuntu2 [315 kB]
Get:59 http://us.archive.ubuntu.com/ubuntu bionic/main amd64 xauth amd64 1:1.0.10-1 [24.6 kB]
Get:60 http://us.archive.ubuntu.com/ubuntu bionic/main amd64 binutils-common amd64 2.30-15ubuntu1 [193 kB]
Get:61 http://us.archive.ubuntu.com/ubuntu bionic/main amd64 libbinutils amd64 2.30-15ubuntu1 [503 kB]
Get:62 http://us.archive.ubuntu.com/ubuntu bionic/main amd64 binutils-x86-64-linux-gnu amd64 2.30-15ubuntu1 [1856 kB]
Get:63 http://us.archive.ubuntu.com/ubuntu bionic/main amd64 binutils amd64 2.30-15ubuntu1 [3392 B]
Get:64 http://us.archive.ubuntu.com/ubuntu bionic/main amd64 libc-dev-bin amd64 2.27-3ubuntu1 [71.8 kB]
Get:65 http://us.archive.ubuntu.com/ubuntu bionic/main amd64 linux-libc-dev amd64 4.15.0-20.21 [1016 kB]
Get:66 http://us.archive.ubuntu.com/ubuntu bionic/main amd64 libc6-dev amd64 2.27-3ubuntu1 [2587 kB]
Get:67 http://us.archive.ubuntu.com/ubuntu bionic/main amd64 gcc-7-base amd64 7.3.0-16ubuntu3 [18.8 kB]
Get:68 http://us.archive.ubuntu.com/ubuntu bionic/main amd64 libisl19 amd64 0.19-1 [551 kB]
Get:69 http://us.archive.ubuntu.com/ubuntu bionic/main amd64 libmpfr6 amd64 4.0.1-1 [243 kB]
Get:70 http://us.archive.ubuntu.com/ubuntu bionic/main amd64 libmpc3 amd64 1.1.0-1 [40.8 kB]
Get:71 http://us.archive.ubuntu.com/ubuntu bionic/main amd64 cpp-7 amd64 7.3.0-16ubuntu3 [6734 kB]
Get:72 http://us.archive.ubuntu.com/ubuntu bionic/main amd64 cpp amd64 4:7.3.0-3ubuntu2 [27.5 kB]
Get:73 http://us.archive.ubuntu.com/ubuntu bionic/main amd64 libcc1-0 amd64 8-20180414-1ubuntu2 [39.5 kB]
Get:74 http://us.archive.ubuntu.com/ubuntu bionic/main amd64 libgomp1 amd64 8-20180414-1ubuntu2 [76.8 kB]
Get:75 http://us.archive.ubuntu.com/ubuntu bionic/main amd64 libitm1 amd64 8-20180414-1ubuntu2 [28.1 kB]
Get:76 http://us.archive.ubuntu.com/ubuntu bionic/main amd64 libatomic1 amd64 8-20180414-1ubuntu2 [9084 B]
Get:77 http://us.archive.ubuntu.com/ubuntu bionic/main amd64 libasan4 amd64 7.3.0-16ubuntu3 [359 kB]
Get:78 http://us.archive.ubuntu.com/ubuntu bionic/main amd64 liblsan0 amd64 8-20180414-1ubuntu2 [133 kB]
Get:79 http://us.archive.ubuntu.com/ubuntu bionic/main amd64 libtsan0 amd64 8-20180414-1ubuntu2 [289 kB]
Get:80 http://us.archive.ubuntu.com/ubuntu bionic/main amd64 libubsan0 amd64 7.3.0-16ubuntu3 [126 kB]
Get:81 http://us.archive.ubuntu.com/ubuntu bionic/main amd64 libcilkrts5 amd64 7.3.0-16ubuntu3 [42.5 kB]
Get:82 http://us.archive.ubuntu.com/ubuntu bionic/main amd64 libmpx2 amd64 8-20180414-1ubuntu2 [11.7 kB]
Get:83 http://us.archive.ubuntu.com/ubuntu bionic/main amd64 libquadmath0 amd64 8-20180414-1ubuntu2 [134 kB]
Get:84 http://us.archive.ubuntu.com/ubuntu bionic/main amd64 libgcc-7-dev amd64 7.3.0-16ubuntu3 [2378 kB]
Get:85 http://us.archive.ubuntu.com/ubuntu bionic/main amd64 gcc-7 amd64 7.3.0-16ubuntu3 [7445 kB]
Get:86 http://us.archive.ubuntu.com/ubuntu bionic/main amd64 gcc amd64 4:7.3.0-3ubuntu2 [5192 B]
Get:87 http://us.archive.ubuntu.com/ubuntu bionic/main amd64 libstdc++-7-dev amd64 7.3.0-16ubuntu3 [1461 kB]
Get:88 http://us.archive.ubuntu.com/ubuntu bionic/main amd64 g++-7 amd64 7.3.0-16ubuntu3 [7566 kB]
Get:89 http://us.archive.ubuntu.com/ubuntu bionic/main amd64 g++ amd64 4:7.3.0-3ubuntu2 [1576 B]
Get:90 http://us.archive.ubuntu.com/ubuntu bionic/main amd64 make amd64 4.1-9.1ubuntu1 [154 kB]
Get:91 http://us.archive.ubuntu.com/ubuntu bionic/main amd64 libdpkg-perl all 1.19.0.5ubuntu2 [211 kB]
Get:92 http://us.archive.ubuntu.com/ubuntu bionic/main amd64 patch amd64 2.7.6-2ubuntu1 [102 kB]
Get:93 http://us.archive.ubuntu.com/ubuntu bionic/main amd64 dpkg-dev all 1.19.0.5ubuntu2 [607 kB]
Get:94 http://us.archive.ubuntu.com/ubuntu bionic/main amd64 build-essential amd64 12.4ubuntu1 [4758 B]
Get:95 http://us.archive.ubuntu.com/ubuntu bionic/main amd64 python3-lib2to3 all 3.6.5-3 [76.6 kB]
Get:96 http://us.archive.ubuntu.com/ubuntu bionic/main amd64 python3-distutils all 3.6.5-3 [141 kB]
Get:97 http://us.archive.ubuntu.com/ubuntu bionic/main amd64 dh-python all 3.20180325ubuntu2 [89.2 kB]
Get:98 http://us.archive.ubuntu.com/ubuntu bionic/main amd64 libassuan0 amd64 2.5.1-2 [35.0 kB]
Get:99 http://us.archive.ubuntu.com/ubuntu bionic/main amd64 gpgconf amd64 2.2.4-1ubuntu1 [122 kB]
Get:100 http://us.archive.ubuntu.com/ubuntu bionic/main amd64 libksba8 amd64 1.3.5-2 [92.6 kB]
Get:101 http://us.archive.ubuntu.com/ubuntu bionic/main amd64 libroken18-heimdal amd64 7.5.0+dfsg-1 [41.3 kB]
Get:102 http://us.archive.ubuntu.com/ubuntu bionic/main amd64 libasn1-8-heimdal amd64 7.5.0+dfsg-1 [175 kB]
Get:103 http://us.archive.ubuntu.com/ubuntu bionic/main amd64 libheimbase1-heimdal amd64 7.5.0+dfsg-1 [29.3 kB]
Get:104 http://us.archive.ubuntu.com/ubuntu bionic/main amd64 libhcrypto4-heimdal amd64 7.5.0+dfsg-1 [85.9 kB]
Get:105 http://us.archive.ubuntu.com/ubuntu bionic/main amd64 libwind0-heimdal amd64 7.5.0+dfsg-1 [47.8 kB]
Get:106 http://us.archive.ubuntu.com/ubuntu bionic/main amd64 libhx509-5-heimdal amd64 7.5.0+dfsg-1 [107 kB]
Get:107 http://us.archive.ubuntu.com/ubuntu bionic/main amd64 libkrb5-26-heimdal amd64 7.5.0+dfsg-1 [206 kB]
Get:108 http://us.archive.ubuntu.com/ubuntu bionic/main amd64 libheimntlm0-heimdal amd64 7.5.0+dfsg-1 [14.8 kB]
Get:109 http://us.archive.ubuntu.com/ubuntu bionic/main amd64 libgssapi3-heimdal amd64 7.5.0+dfsg-1 [96.5 kB]
Get:110 http://us.archive.ubuntu.com/ubuntu bionic/main amd64 libsasl2-modules-db amd64 2.1.27~101-g0780600+dfsg-3ubuntu2 [14.8 kB]
Get:111 http://us.archive.ubuntu.com/ubuntu bionic/main amd64 libsasl2-2 amd64 2.1.27~101-g0780600+dfsg-3ubuntu2 [49.2 kB]
Get:112 http://us.archive.ubuntu.com/ubuntu bionic/main amd64 libldap-common all 2.4.45+dfsg-1ubuntu1 [16.6 kB]
Get:113 http://us.archive.ubuntu.com/ubuntu bionic/main amd64 libldap-2.4-2 amd64 2.4.45+dfsg-1ubuntu1 [155 kB]
Get:114 http://us.archive.ubuntu.com/ubuntu bionic/main amd64 libnpth0 amd64 1.5-3 [7668 B]
Get:115 http://us.archive.ubuntu.com/ubuntu bionic/main amd64 dirmngr amd64 2.2.4-1ubuntu1 [316 kB]
Get:116 http://us.archive.ubuntu.com/ubuntu bionic/main amd64 libfakeroot amd64 1.22-2ubuntu1 [25.9 kB]
Get:117 http://us.archive.ubuntu.com/ubuntu bionic/main amd64 fakeroot amd64 1.22-2ubuntu1 [62.3 kB]
Get:118 http://us.archive.ubuntu.com/ubuntu bionic/main amd64 libnghttp2-14 amd64 1.30.0-1ubuntu1 [77.8 kB]
Get:119 http://us.archive.ubuntu.com/ubuntu bionic/main amd64 librtmp1 amd64 2.4+20151223.gitfa8646d.1-1 [54.2 kB]
Get:120 http://us.archive.ubuntu.com/ubuntu bionic/main amd64 libcurl3-gnutls amd64 7.58.0-2ubuntu3 [212 kB]
Get:121 http://us.archive.ubuntu.com/ubuntu bionic/main amd64 liberror-perl all 0.17025-1 [22.8 kB]
Get:122 http://us.archive.ubuntu.com/ubuntu bionic/main amd64 git-man all 1:2.17.0-1ubuntu1 [803 kB]
Get:123 http://us.archive.ubuntu.com/ubuntu bionic/main amd64 git amd64 1:2.17.0-1ubuntu1 [3894 kB]
Get:124 http://us.archive.ubuntu.com/ubuntu bionic/main amd64 gnupg-l10n all 2.2.4-1ubuntu1 [48.6 kB]
Get:125 http://us.archive.ubuntu.com/ubuntu bionic/main amd64 gnupg-utils amd64 2.2.4-1ubuntu1 [126 kB]
Get:126 http://us.archive.ubuntu.com/ubuntu bionic/main amd64 gpg amd64 2.2.4-1ubuntu1 [467 kB]
Get:127 http://us.archive.ubuntu.com/ubuntu bionic/main amd64 pinentry-curses amd64 1.1.0-1 [35.8 kB]
Get:128 http://us.archive.ubuntu.com/ubuntu bionic/main amd64 gpg-agent amd64 2.2.4-1ubuntu1 [227 kB]
Get:129 http://us.archive.ubuntu.com/ubuntu bionic/main amd64 gpg-wks-client amd64 2.2.4-1ubuntu1 [91.7 kB]
Get:130 http://us.archive.ubuntu.com/ubuntu bionic/main amd64 gpg-wks-server amd64 2.2.4-1ubuntu1 [84.9 kB]
Get:131 http://us.archive.ubuntu.com/ubuntu bionic/main amd64 gpgsm amd64 2.2.4-1ubuntu1 [215 kB]
Get:132 http://us.archive.ubuntu.com/ubuntu bionic/main amd64 gnupg amd64 2.2.4-1ubuntu1 [249 kB]
Get:133 http://us.archive.ubuntu.com/ubuntu bionic/main amd64 libalgorithm-diff-perl all 1.19.03-1 [47.6 kB]
Get:134 http://us.archive.ubuntu.com/ubuntu bionic/main amd64 libalgorithm-diff-xs-perl amd64 0.04-5 [11.1 kB]
Get:135 http://us.archive.ubuntu.com/ubuntu bionic/main amd64 libalgorithm-merge-perl all 0.08-3 [12.0 kB]
Get:136 http://us.archive.ubuntu.com/ubuntu bionic/main amd64 libexpat1-dev amd64 2.2.5-3 [122 kB]
Get:137 http://us.archive.ubuntu.com/ubuntu bionic/main amd64 libfile-fcntllock-perl amd64 0.22-3build2 [33.2 kB]
Get:138 http://us.archive.ubuntu.com/ubuntu bionic/main amd64 libpython2.7 amd64 2.7.15~rc1-1 [1053 kB]
Get:139 http://us.archive.ubuntu.com/ubuntu bionic/main amd64 libpython2.7-dev amd64 2.7.15~rc1-1 [28.2 MB]
Get:140 http://us.archive.ubuntu.com/ubuntu bionic/main amd64 libpython-dev amd64 2.7.15~rc1-1 [7684 B]
Get:141 http://us.archive.ubuntu.com/ubuntu bionic/main amd64 libpython3.6 amd64 3.6.5-3 [1448 kB]
Get:142 http://us.archive.ubuntu.com/ubuntu bionic/main amd64 libpython3.6-dev amd64 3.6.5-3 [2487 kB]
Get:143 http://us.archive.ubuntu.com/ubuntu bionic/main amd64 libpython3-dev amd64 3.6.5-3 [7376 B]
Get:144 http://us.archive.ubuntu.com/ubuntu bionic/main amd64 libsasl2-modules amd64 2.1.27~101-g0780600+dfsg-3ubuntu2 [48.7 kB]
Get:145 http://us.archive.ubuntu.com/ubuntu bionic/main amd64 libssl-dev amd64 1.1.0g-2ubuntu4 [1372 kB]
Get:146 http://us.archive.ubuntu.com/ubuntu bionic/main amd64 libssl-doc all 1.1.0g-2ubuntu4 [1256 kB]
Get:147 http://us.archive.ubuntu.com/ubuntu bionic/main amd64 manpages-dev all 4.15-1 [2217 kB]
Get:148 http://us.archive.ubuntu.com/ubuntu bionic/main amd64 python2.7-dev amd64 2.7.15~rc1-1 [286 kB]
Get:149 http://us.archive.ubuntu.com/ubuntu bionic/main amd64 python-dev amd64 2.7.15~rc1-1 [1256 B]
Get:150 http://us.archive.ubuntu.com/ubuntu bionic/main amd64 python3.6-dev amd64 3.6.5-3 [512 kB]
Get:151 http://us.archive.ubuntu.com/ubuntu bionic/main amd64 python3-dev amd64 3.6.5-3 [1292 B]
Fetched 105 MB in 2min 22s (741 kB/s)
Selecting previously unselected package liblocale-gettext-perl.
(Reading database ... 
(Reading database ... 5%
(Reading database ... 10%
(Reading database ... 15%
(Reading database ... 20%
(Reading database ... 25%
(Reading database ... 30%
(Reading database ... 35%
(Reading database ... 40%
(Reading database ... 45%
(Reading database ... 50%
(Reading database ... 55%
(Reading database ... 60%
(Reading database ... 65%
(Reading database ... 70%
(Reading database ... 75%
(Reading database ... 80%
(Reading database ... 85%
(Reading database ... 90%
(Reading database ... 95%
(Reading database ... 100%
(Reading database ... 4006 files and directories currently installed.)
Preparing to unpack .../00-liblocale-gettext-perl_1.07-3build2_amd64.deb ...
Unpacking liblocale-gettext-perl (1.07-3build2) ...
Selecting previously unselected package libssl1.1:amd64.
Preparing to unpack .../01-libssl1.1_1.1.0g-2ubuntu4_amd64.deb ...
Unpacking libssl1.1:amd64 (1.1.0g-2ubuntu4) ...
Selecting previously unselected package libpython3.6-minimal:amd64.
Preparing to unpack .../02-libpython3.6-minimal_3.6.5-3_amd64.deb ...
Unpacking libpython3.6-minimal:amd64 (3.6.5-3) ...
Selecting previously unselected package libexpat1:amd64.
Preparing to unpack .../03-libexpat1_2.2.5-3_amd64.deb ...
Unpacking libexpat1:amd64 (2.2.5-3) ...
Selecting previously unselected package python3.6-minimal.
Preparing to unpack .../04-python3.6-minimal_3.6.5-3_amd64.deb ...
Unpacking python3.6-minimal (3.6.5-3) ...
Selecting previously unselected package python3-minimal.
Preparing to unpack .../05-python3-minimal_3.6.5-3_amd64.deb ...
Unpacking python3-minimal (3.6.5-3) ...
Selecting previously unselected package mime-support.
Preparing to unpack .../06-mime-support_3.60ubuntu1_all.deb ...
Unpacking mime-support (3.60ubuntu1) ...
Selecting previously unselected package libmpdec2:amd64.
Preparing to unpack .../07-libmpdec2_2.4.2-1ubuntu1_amd64.deb ...
Unpacking libmpdec2:amd64 (2.4.2-1ubuntu1) ...
Selecting previously unselected package readline-common.
Preparing to unpack .../08-readline-common_7.0-3_all.deb ...
Unpacking readline-common (7.0-3) ...
Selecting previously unselected package libreadline7:amd64.
Preparing to unpack .../09-libreadline7_7.0-3_amd64.deb ...
Unpacking libreadline7:amd64 (7.0-3) ...
Selecting previously unselected package libsqlite3-0:amd64.
Preparing to unpack .../10-libsqlite3-0_3.22.0-1_amd64.deb ...
Unpacking libsqlite3-0:amd64 (3.22.0-1) ...
Selecting previously unselected package libpython3.6-stdlib:amd64.
Preparing to unpack .../11-libpython3.6-stdlib_3.6.5-3_amd64.deb ...
Unpacking libpython3.6-stdlib:amd64 (3.6.5-3) ...
Selecting previously unselected package python3.6.
Preparing to unpack .../12-python3.6_3.6.5-3_amd64.deb ...
Unpacking python3.6 (3.6.5-3) ...
Selecting previously unselected package libpython3-stdlib:amd64.
Preparing to unpack .../13-libpython3-stdlib_3.6.5-3_amd64.deb ...
Unpacking libpython3-stdlib:amd64 (3.6.5-3) ...
Setting up libssl1.1:amd64 (1.1.0g-2ubuntu4) ...
debconf: unable to initialize frontend: Dialog
debconf: (No usable dialog-like program is installed, so the dialog based frontend cannot be used. at /usr/share/perl5/Debconf/FrontEnd/Dialog.pm line 76.)
debconf: falling back to frontend: Readline
debconf: unable to initialize frontend: Readline
debconf: (Can't locate Term/ReadLine.pm in @INC (you may need to install the Term::ReadLine module) (@INC contains: /etc/perl /usr/local/lib/x86_64-linux-gnu/perl/5.26.1 /usr/local/share/perl/5.26.1 /usr/lib/x86_64-linux-gnu/perl5/5.26 /usr/share/perl5 /usr/lib/x86_64-linux-gnu/perl/5.26 /usr/share/perl/5.26 /usr/local/lib/site_perl /usr/lib/x86_64-linux-gnu/perl-base) at /usr/share/perl5/Debconf/FrontEnd/Readline.pm line 7.)
debconf: falling back to frontend: Teletype
Setting up libpython3.6-minimal:amd64 (3.6.5-3) ...
Setting up libexpat1:amd64 (2.2.5-3) ...
Setting up python3.6-minimal (3.6.5-3) ...
Setting up python3-minimal (3.6.5-3) ...
Selecting previously unselected package python3.
(Reading database ... 
(Reading database ... 5%
(Reading database ... 10%
(Reading database ... 15%
(Reading database ... 20%
(Reading database ... 25%
(Reading database ... 30%
(Reading database ... 35%
(Reading database ... 40%
(Reading database ... 45%
(Reading database ... 50%
(Reading database ... 55%
(Reading database ... 60%
(Reading database ... 65%
(Reading database ... 70%
(Reading database ... 75%
(Reading database ... 80%
(Reading database ... 85%
(Reading database ... 90%
(Reading database ... 95%
(Reading database ... 100%
(Reading database ... 4731 files and directories currently installed.)
Preparing to unpack .../python3_3.6.5-3_amd64.deb ...
Unpacking python3 (3.6.5-3) ...
Selecting previously unselected package multiarch-support.
Preparing to unpack .../multiarch-support_2.27-3ubuntu1_amd64.deb ...
Unpacking multiarch-support (2.27-3ubuntu1) ...
Setting up multiarch-support (2.27-3ubuntu1) ...
Selecting previously unselected package libxau6:amd64.
(Reading database ... 
(Reading database ... 5%
(Reading database ... 10%
(Reading database ... 15%
(Reading database ... 20%
(Reading database ... 25%
(Reading database ... 30%
(Reading database ... 35%
(Reading database ... 40%
(Reading database ... 45%
(Reading database ... 50%
(Reading database ... 55%
(Reading database ... 60%
(Reading database ... 65%
(Reading database ... 70%
(Reading database ... 75%
(Reading database ... 80%
(Reading database ... 85%
(Reading database ... 90%
(Reading database ... 95%
(Reading database ... 100%
(Reading database ... 4752 files and directories currently installed.)
Preparing to unpack .../00-libxau6_1%3a1.0.8-1_amd64.deb ...
Unpacking libxau6:amd64 (1:1.0.8-1) ...
Selecting previously unselected package libbsd0:amd64.
Preparing to unpack .../01-libbsd0_0.8.7-1_amd64.deb ...
Unpacking libbsd0:amd64 (0.8.7-1) ...
Selecting previously unselected package libxdmcp6:amd64.
Preparing to unpack .../02-libxdmcp6_1%3a1.1.2-3_amd64.deb ...
Unpacking libxdmcp6:amd64 (1:1.1.2-3) ...
Selecting previously unselected package libxcb1:amd64.
Preparing to unpack .../03-libxcb1_1.13-1_amd64.deb ...
Unpacking libxcb1:amd64 (1.13-1) ...
Selecting previously unselected package libx11-data.
Preparing to unpack .../04-libx11-data_2%3a1.6.4-3_all.deb ...
Unpacking libx11-data (2:1.6.4-3) ...
Selecting previously unselected package libx11-6:amd64.
Preparing to unpack .../05-libx11-6_2%3a1.6.4-3_amd64.deb ...
Unpacking libx11-6:amd64 (2:1.6.4-3) ...
Selecting previously unselected package libxext6:amd64.
Preparing to unpack .../06-libxext6_2%3a1.3.3-1_amd64.deb ...
Unpacking libxext6:amd64 (2:1.3.3-1) ...
Selecting previously unselected package perl-modules-5.26.
Preparing to unpack .../07-perl-modules-5.26_5.26.1-6_all.deb ...
Unpacking perl-modules-5.26 (5.26.1-6) ...
Selecting previously unselected package libgdbm5:amd64.
Preparing to unpack .../08-libgdbm5_1.14.1-6_amd64.deb ...
Unpacking libgdbm5:amd64 (1.14.1-6) ...
Selecting previously unselected package libgdbm-compat4:amd64.
Preparing to unpack .../09-libgdbm-compat4_1.14.1-6_amd64.deb ...
Unpacking libgdbm-compat4:amd64 (1.14.1-6) ...
Selecting previously unselected package libperl5.26:amd64.
Preparing to unpack .../10-libperl5.26_5.26.1-6_amd64.deb ...
Unpacking libperl5.26:amd64 (5.26.1-6) ...
Selecting previously unselected package perl.
Preparing to unpack .../11-perl_5.26.1-6_amd64.deb ...
Unpacking perl (5.26.1-6) ...
Selecting previously unselected package libpython2.7-minimal:amd64.
Preparing to unpack .../12-libpython2.7-minimal_2.7.15~rc1-1_amd64.deb ...
Unpacking libpython2.7-minimal:amd64 (2.7.15~rc1-1) ...
Selecting previously unselected package python2.7-minimal.
Preparing to unpack .../13-python2.7-minimal_2.7.15~rc1-1_amd64.deb ...
Unpacking python2.7-minimal (2.7.15~rc1-1) ...
Selecting previously unselected package python-minimal.
Preparing to unpack .../14-python-minimal_2.7.15~rc1-1_amd64.deb ...
Unpacking python-minimal (2.7.15~rc1-1) ...
Selecting previously unselected package libpython2.7-stdlib:amd64.
Preparing to unpack .../15-libpython2.7-stdlib_2.7.15~rc1-1_amd64.deb ...
Unpacking libpython2.7-stdlib:amd64 (2.7.15~rc1-1) ...
Selecting previously unselected package python2.7.
Preparing to unpack .../16-python2.7_2.7.15~rc1-1_amd64.deb ...
Unpacking python2.7 (2.7.15~rc1-1) ...
Selecting previously unselected package libpython-stdlib:amd64.
Preparing to unpack .../17-libpython-stdlib_2.7.15~rc1-1_amd64.deb ...
Unpacking libpython-stdlib:amd64 (2.7.15~rc1-1) ...
Setting up libpython2.7-minimal:amd64 (2.7.15~rc1-1) ...
Setting up python2.7-minimal (2.7.15~rc1-1) ...
Linking and byte-compiling packages for runtime python2.7...
Setting up python-minimal (2.7.15~rc1-1) ...
Selecting previously unselected package python.
(Reading database ... 
(Reading database ... 5%
(Reading database ... 10%
(Reading database ... 15%
(Reading database ... 20%
(Reading database ... 25%
(Reading database ... 30%
(Reading database ... 35%
(Reading database ... 40%
(Reading database ... 45%
(Reading database ... 50%
(Reading database ... 55%
(Reading database ... 60%
(Reading database ... 65%
(Reading database ... 70%
(Reading database ... 75%
(Reading database ... 80%
(Reading database ... 85%
(Reading database ... 90%
(Reading database ... 95%
(Reading database ... 100%
(Reading database ... 7703 files and directories currently installed.)
Preparing to unpack .../000-python_2.7.15~rc1-1_amd64.deb ...
Unpacking python (2.7.15~rc1-1) ...
Selecting previously unselected package bzip2.
Preparing to unpack .../001-bzip2_1.0.6-8.1_amd64.deb ...
Unpacking bzip2 (1.0.6-8.1) ...
Selecting previously unselected package openssl.
Preparing to unpack .../002-openssl_1.1.0g-2ubuntu4_amd64.deb ...
Unpacking openssl (1.1.0g-2ubuntu4) ...
Selecting previously unselected package ca-certificates.
Preparing to unpack .../003-ca-certificates_20180409_all.deb ...
Unpacking ca-certificates (20180409) ...
Selecting previously unselected package libmagic-mgc.
Preparing to unpack .../004-libmagic-mgc_1%3a5.32-2_amd64.deb ...
Unpacking libmagic-mgc (1:5.32-2) ...
Selecting previously unselected package libmagic1:amd64.
Preparing to unpack .../005-libmagic1_1%3a5.32-2_amd64.deb ...
Unpacking libmagic1:amd64 (1:5.32-2) ...
Selecting previously unselected package file.
Preparing to unpack .../006-file_1%3a5.32-2_amd64.deb ...
Unpacking file (1:5.32-2) ...
Selecting previously unselected package less.
Preparing to unpack .../007-less_487-0.1_amd64.deb ...
Unpacking less (487-0.1) ...
Selecting previously unselected package netbase.
Preparing to unpack .../008-netbase_5.4_all.deb ...
Unpacking netbase (5.4) ...
Selecting previously unselected package xz-utils.
Preparing to unpack .../009-xz-utils_5.2.2-1.3_amd64.deb ...
Unpacking xz-utils (5.2.2-1.3) ...
Selecting previously unselected package krb5-locales.
Preparing to unpack .../010-krb5-locales_1.16-2build1_all.deb ...
Unpacking krb5-locales (1.16-2build1) ...
Selecting previously unselected package libedit2:amd64.
Preparing to unpack .../011-libedit2_3.1-20170329-1_amd64.deb ...
Unpacking libedit2:amd64 (3.1-20170329-1) ...
Selecting previously unselected package libkrb5support0:amd64.
Preparing to unpack .../012-libkrb5support0_1.16-2build1_amd64.deb ...
Unpacking libkrb5support0:amd64 (1.16-2build1) ...
Selecting previously unselected package libk5crypto3:amd64.
Preparing to unpack .../013-libk5crypto3_1.16-2build1_amd64.deb ...
Unpacking libk5crypto3:amd64 (1.16-2build1) ...
Selecting previously unselected package libkeyutils1:amd64.
Preparing to unpack .../014-libkeyutils1_1.5.9-9.2ubuntu2_amd64.deb ...
Unpacking libkeyutils1:amd64 (1.5.9-9.2ubuntu2) ...
Selecting previously unselected package libkrb5-3:amd64.
Preparing to unpack .../015-libkrb5-3_1.16-2build1_amd64.deb ...
Unpacking libkrb5-3:amd64 (1.16-2build1) ...
Selecting previously unselected package libgssapi-krb5-2:amd64.
Preparing to unpack .../016-libgssapi-krb5-2_1.16-2build1_amd64.deb ...
Unpacking libgssapi-krb5-2:amd64 (1.16-2build1) ...
Selecting previously unselected package libpsl5:amd64.
Preparing to unpack .../017-libpsl5_0.19.1-5build1_amd64.deb ...
Unpacking libpsl5:amd64 (0.19.1-5build1) ...
Selecting previously unselected package libssl1.0.0:amd64.
Preparing to unpack .../018-libssl1.0.0_1.0.2n-1ubuntu5_amd64.deb ...
Unpacking libssl1.0.0:amd64 (1.0.2n-1ubuntu5) ...
Selecting previously unselected package libxmuu1:amd64.
Preparing to unpack .../019-libxmuu1_2%3a1.1.2-2_amd64.deb ...
Unpacking libxmuu1:amd64 (2:1.1.2-2) ...
Selecting previously unselected package manpages.
Preparing to unpack .../020-manpages_4.15-1_all.deb ...
Unpacking manpages (4.15-1) ...
Selecting previously unselected package openssh-client.
Preparing to unpack .../021-openssh-client_1%3a7.6p1-4_amd64.deb ...
Unpacking openssh-client (1:7.6p1-4) ...
Selecting previously unselected package publicsuffix.
Preparing to unpack .../022-publicsuffix_20180223.1310-1_all.deb ...
Unpacking publicsuffix (20180223.1310-1) ...
Selecting previously unselected package wget.
Preparing to unpack .../023-wget_1.19.4-1ubuntu2_amd64.deb ...
Unpacking wget (1.19.4-1ubuntu2) ...
Selecting previously unselected package xauth.
Preparing to unpack .../024-xauth_1%3a1.0.10-1_amd64.deb ...
Unpacking xauth (1:1.0.10-1) ...
Selecting previously unselected package binutils-common:amd64.
Preparing to unpack .../025-binutils-common_2.30-15ubuntu1_amd64.deb ...
Unpacking binutils-common:amd64 (2.30-15ubuntu1) ...
Selecting previously unselected package libbinutils:amd64.
Preparing to unpack .../026-libbinutils_2.30-15ubuntu1_amd64.deb ...
Unpacking libbinutils:amd64 (2.30-15ubuntu1) ...
Selecting previously unselected package binutils-x86-64-linux-gnu.
Preparing to unpack .../027-binutils-x86-64-linux-gnu_2.30-15ubuntu1_amd64.deb ...
Unpacking binutils-x86-64-linux-gnu (2.30-15ubuntu1) ...
Selecting previously unselected package binutils.
Preparing to unpack .../028-binutils_2.30-15ubuntu1_amd64.deb ...
Unpacking binutils (2.30-15ubuntu1) ...
Selecting previously unselected package libc-dev-bin.
Preparing to unpack .../029-libc-dev-bin_2.27-3ubuntu1_amd64.deb ...
Unpacking libc-dev-bin (2.27-3ubuntu1) ...
Selecting previously unselected package linux-libc-dev:amd64.
Preparing to unpack .../030-linux-libc-dev_4.15.0-20.21_amd64.deb ...
Unpacking linux-libc-dev:amd64 (4.15.0-20.21) ...
Selecting previously unselected package libc6-dev:amd64.
Preparing to unpack .../031-libc6-dev_2.27-3ubuntu1_amd64.deb ...
Unpacking libc6-dev:amd64 (2.27-3ubuntu1) ...
Selecting previously unselected package gcc-7-base:amd64.
Preparing to unpack .../032-gcc-7-base_7.3.0-16ubuntu3_amd64.deb ...
Unpacking gcc-7-base:amd64 (7.3.0-16ubuntu3) ...
Selecting previously unselected package libisl19:amd64.
Preparing to unpack .../033-libisl19_0.19-1_amd64.deb ...
Unpacking libisl19:amd64 (0.19-1) ...
Selecting previously unselected package libmpfr6:amd64.
Preparing to unpack .../034-libmpfr6_4.0.1-1_amd64.deb ...
Unpacking libmpfr6:amd64 (4.0.1-1) ...
Selecting previously unselected package libmpc3:amd64.
Preparing to unpack .../035-libmpc3_1.1.0-1_amd64.deb ...
Unpacking libmpc3:amd64 (1.1.0-1) ...
Selecting previously unselected package cpp-7.
Preparing to unpack .../036-cpp-7_7.3.0-16ubuntu3_amd64.deb ...
Unpacking cpp-7 (7.3.0-16ubuntu3) ...
Selecting previously unselected package cpp.
Preparing to unpack .../037-cpp_4%3a7.3.0-3ubuntu2_amd64.deb ...
Unpacking cpp (4:7.3.0-3ubuntu2) ...
Selecting previously unselected package libcc1-0:amd64.
Preparing to unpack .../038-libcc1-0_8-20180414-1ubuntu2_amd64.deb ...
Unpacking libcc1-0:amd64 (8-20180414-1ubuntu2) ...
Selecting previously unselected package libgomp1:amd64.
Preparing to unpack .../039-libgomp1_8-20180414-1ubuntu2_amd64.deb ...
Unpacking libgomp1:amd64 (8-20180414-1ubuntu2) ...
Selecting previously unselected package libitm1:amd64.
Preparing to unpack .../040-libitm1_8-20180414-1ubuntu2_amd64.deb ...
Unpacking libitm1:amd64 (8-20180414-1ubuntu2) ...
Selecting previously unselected package libatomic1:amd64.
Preparing to unpack .../041-libatomic1_8-20180414-1ubuntu2_amd64.deb ...
Unpacking libatomic1:amd64 (8-20180414-1ubuntu2) ...
Selecting previously unselected package libasan4:amd64.
Preparing to unpack .../042-libasan4_7.3.0-16ubuntu3_amd64.deb ...
Unpacking libasan4:amd64 (7.3.0-16ubuntu3) ...
Selecting previously unselected package liblsan0:amd64.
Preparing to unpack .../043-liblsan0_8-20180414-1ubuntu2_amd64.deb ...
Unpacking liblsan0:amd64 (8-20180414-1ubuntu2) ...
Selecting previously unselected package libtsan0:amd64.
Preparing to unpack .../044-libtsan0_8-20180414-1ubuntu2_amd64.deb ...
Unpacking libtsan0:amd64 (8-20180414-1ubuntu2) ...
Selecting previously unselected package libubsan0:amd64.
Preparing to unpack .../045-libubsan0_7.3.0-16ubuntu3_amd64.deb ...
Unpacking libubsan0:amd64 (7.3.0-16ubuntu3) ...
Selecting previously unselected package libcilkrts5:amd64.
Preparing to unpack .../046-libcilkrts5_7.3.0-16ubuntu3_amd64.deb ...
Unpacking libcilkrts5:amd64 (7.3.0-16ubuntu3) ...
Selecting previously unselected package libmpx2:amd64.
Preparing to unpack .../047-libmpx2_8-20180414-1ubuntu2_amd64.deb ...
Unpacking libmpx2:amd64 (8-20180414-1ubuntu2) ...
Selecting previously unselected package libquadmath0:amd64.
Preparing to unpack .../048-libquadmath0_8-20180414-1ubuntu2_amd64.deb ...
Unpacking libquadmath0:amd64 (8-20180414-1ubuntu2) ...
Selecting previously unselected package libgcc-7-dev:amd64.
Preparing to unpack .../049-libgcc-7-dev_7.3.0-16ubuntu3_amd64.deb ...
Unpacking libgcc-7-dev:amd64 (7.3.0-16ubuntu3) ...
Selecting previously unselected package gcc-7.
Preparing to unpack .../050-gcc-7_7.3.0-16ubuntu3_amd64.deb ...
Unpacking gcc-7 (7.3.0-16ubuntu3) ...
Selecting previously unselected package gcc.
Preparing to unpack .../051-gcc_4%3a7.3.0-3ubuntu2_amd64.deb ...
Unpacking gcc (4:7.3.0-3ubuntu2) ...
Selecting previously unselected package libstdc++-7-dev:amd64.
Preparing to unpack .../052-libstdc++-7-dev_7.3.0-16ubuntu3_amd64.deb ...
Unpacking libstdc++-7-dev:amd64 (7.3.0-16ubuntu3) ...
Selecting previously unselected package g++-7.
Preparing to unpack .../053-g++-7_7.3.0-16ubuntu3_amd64.deb ...
Unpacking g++-7 (7.3.0-16ubuntu3) ...
Selecting previously unselected package g++.
Preparing to unpack .../054-g++_4%3a7.3.0-3ubuntu2_amd64.deb ...
Unpacking g++ (4:7.3.0-3ubuntu2) ...
Selecting previously unselected package make.
Preparing to unpack .../055-make_4.1-9.1ubuntu1_amd64.deb ...
Unpacking make (4.1-9.1ubuntu1) ...
Selecting previously unselected package libdpkg-perl.
Preparing to unpack .../056-libdpkg-perl_1.19.0.5ubuntu2_all.deb ...
Unpacking libdpkg-perl (1.19.0.5ubuntu2) ...
Selecting previously unselected package patch.
Preparing to unpack .../057-patch_2.7.6-2ubuntu1_amd64.deb ...
Unpacking patch (2.7.6-2ubuntu1) ...
Selecting previously unselected package dpkg-dev.
Preparing to unpack .../058-dpkg-dev_1.19.0.5ubuntu2_all.deb ...
Unpacking dpkg-dev (1.19.0.5ubuntu2) ...
Selecting previously unselected package build-essential.
Preparing to unpack .../059-build-essential_12.4ubuntu1_amd64.deb ...
Unpacking build-essential (12.4ubuntu1) ...
Selecting previously unselected package python3-lib2to3.
Preparing to unpack .../060-python3-lib2to3_3.6.5-3_all.deb ...
Unpacking python3-lib2to3 (3.6.5-3) ...
Selecting previously unselected package python3-distutils.
Preparing to unpack .../061-python3-distutils_3.6.5-3_all.deb ...
Unpacking python3-distutils (3.6.5-3) ...
Selecting previously unselected package dh-python.
Preparing to unpack .../062-dh-python_3.20180325ubuntu2_all.deb ...
Unpacking dh-python (3.20180325ubuntu2) ...
Selecting previously unselected package libassuan0:amd64.
Preparing to unpack .../063-libassuan0_2.5.1-2_amd64.deb ...
Unpacking libassuan0:amd64 (2.5.1-2) ...
Selecting previously unselected package gpgconf.
Preparing to unpack .../064-gpgconf_2.2.4-1ubuntu1_amd64.deb ...
Unpacking gpgconf (2.2.4-1ubuntu1) ...
Selecting previously unselected package libksba8:amd64.
Preparing to unpack .../065-libksba8_1.3.5-2_amd64.deb ...
Unpacking libksba8:amd64 (1.3.5-2) ...
Selecting previously unselected package libroken18-heimdal:amd64.
Preparing to unpack .../066-libroken18-heimdal_7.5.0+dfsg-1_amd64.deb ...
Unpacking libroken18-heimdal:amd64 (7.5.0+dfsg-1) ...
Selecting previously unselected package libasn1-8-heimdal:amd64.
Preparing to unpack .../067-libasn1-8-heimdal_7.5.0+dfsg-1_amd64.deb ...
Unpacking libasn1-8-heimdal:amd64 (7.5.0+dfsg-1) ...
Selecting previously unselected package libheimbase1-heimdal:amd64.
Preparing to unpack .../068-libheimbase1-heimdal_7.5.0+dfsg-1_amd64.deb ...
Unpacking libheimbase1-heimdal:amd64 (7.5.0+dfsg-1) ...
Selecting previously unselected package libhcrypto4-heimdal:amd64.
Preparing to unpack .../069-libhcrypto4-heimdal_7.5.0+dfsg-1_amd64.deb ...
Unpacking libhcrypto4-heimdal:amd64 (7.5.0+dfsg-1) ...
Selecting previously unselected package libwind0-heimdal:amd64.
Preparing to unpack .../070-libwind0-heimdal_7.5.0+dfsg-1_amd64.deb ...
Unpacking libwind0-heimdal:amd64 (7.5.0+dfsg-1) ...
Selecting previously unselected package libhx509-5-heimdal:amd64.
Preparing to unpack .../071-libhx509-5-heimdal_7.5.0+dfsg-1_amd64.deb ...
Unpacking libhx509-5-heimdal:amd64 (7.5.0+dfsg-1) ...
Selecting previously unselected package libkrb5-26-heimdal:amd64.
Preparing to unpack .../072-libkrb5-26-heimdal_7.5.0+dfsg-1_amd64.deb ...
Unpacking libkrb5-26-heimdal:amd64 (7.5.0+dfsg-1) ...
Selecting previously unselected package libheimntlm0-heimdal:amd64.
Preparing to unpack .../073-libheimntlm0-heimdal_7.5.0+dfsg-1_amd64.deb ...
Unpacking libheimntlm0-heimdal:amd64 (7.5.0+dfsg-1) ...
Selecting previously unselected package libgssapi3-heimdal:amd64.
Preparing to unpack .../074-libgssapi3-heimdal_7.5.0+dfsg-1_amd64.deb ...
Unpacking libgssapi3-heimdal:amd64 (7.5.0+dfsg-1) ...
Selecting previously unselected package libsasl2-modules-db:amd64.
Preparing to unpack .../075-libsasl2-modules-db_2.1.27~101-g0780600+dfsg-3ubuntu2_amd64.deb ...
Unpacking libsasl2-modules-db:amd64 (2.1.27~101-g0780600+dfsg-3ubuntu2) ...
Selecting previously unselected package libsasl2-2:amd64.
Preparing to unpack .../076-libsasl2-2_2.1.27~101-g0780600+dfsg-3ubuntu2_amd64.deb ...
Unpacking libsasl2-2:amd64 (2.1.27~101-g0780600+dfsg-3ubuntu2) ...
Selecting previously unselected package libldap-common.
Preparing to unpack .../077-libldap-common_2.4.45+dfsg-1ubuntu1_all.deb ...
Unpacking libldap-common (2.4.45+dfsg-1ubuntu1) ...
Selecting previously unselected package libldap-2.4-2:amd64.
Preparing to unpack .../078-libldap-2.4-2_2.4.45+dfsg-1ubuntu1_amd64.deb ...
Unpacking libldap-2.4-2:amd64 (2.4.45+dfsg-1ubuntu1) ...
Selecting previously unselected package libnpth0:amd64.
Preparing to unpack .../079-libnpth0_1.5-3_amd64.deb ...
Unpacking libnpth0:amd64 (1.5-3) ...
Selecting previously unselected package dirmngr.
Preparing to unpack .../080-dirmngr_2.2.4-1ubuntu1_amd64.deb ...
Unpacking dirmngr (2.2.4-1ubuntu1) ...
Selecting previously unselected package libfakeroot:amd64.
Preparing to unpack .../081-libfakeroot_1.22-2ubuntu1_amd64.deb ...
Unpacking libfakeroot:amd64 (1.22-2ubuntu1) ...
Selecting previously unselected package fakeroot.
Preparing to unpack .../082-fakeroot_1.22-2ubuntu1_amd64.deb ...
Unpacking fakeroot (1.22-2ubuntu1) ...
Selecting previously unselected package libnghttp2-14:amd64.
Preparing to unpack .../083-libnghttp2-14_1.30.0-1ubuntu1_amd64.deb ...
Unpacking libnghttp2-14:amd64 (1.30.0-1ubuntu1) ...
Selecting previously unselected package librtmp1:amd64.
Preparing to unpack .../084-librtmp1_2.4+20151223.gitfa8646d.1-1_amd64.deb ...
Unpacking librtmp1:amd64 (2.4+20151223.gitfa8646d.1-1) ...
Selecting previously unselected package libcurl3-gnutls:amd64.
Preparing to unpack .../085-libcurl3-gnutls_7.58.0-2ubuntu3_amd64.deb ...
Unpacking libcurl3-gnutls:amd64 (7.58.0-2ubuntu3) ...
Selecting previously unselected package liberror-perl.
Preparing to unpack .../086-liberror-perl_0.17025-1_all.deb ...
Unpacking liberror-perl (0.17025-1) ...
Selecting previously unselected package git-man.
Preparing to unpack .../087-git-man_1%3a2.17.0-1ubuntu1_all.deb ...
Unpacking git-man (1:2.17.0-1ubuntu1) ...
Selecting previously unselected package git.
Preparing to unpack .../088-git_1%3a2.17.0-1ubuntu1_amd64.deb ...
Unpacking git (1:2.17.0-1ubuntu1) ...
Selecting previously unselected package gnupg-l10n.
Preparing to unpack .../089-gnupg-l10n_2.2.4-1ubuntu1_all.deb ...
Unpacking gnupg-l10n (2.2.4-1ubuntu1) ...
Selecting previously unselected package gnupg-utils.
Preparing to unpack .../090-gnupg-utils_2.2.4-1ubuntu1_amd64.deb ...
Unpacking gnupg-utils (2.2.4-1ubuntu1) ...
Selecting previously unselected package gpg.
Preparing to unpack .../091-gpg_2.2.4-1ubuntu1_amd64.deb ...
Unpacking gpg (2.2.4-1ubuntu1) ...
Selecting previously unselected package pinentry-curses.
Preparing to unpack .../092-pinentry-curses_1.1.0-1_amd64.deb ...
Unpacking pinentry-curses (1.1.0-1) ...
Selecting previously unselected package gpg-agent.
Preparing to unpack .../093-gpg-agent_2.2.4-1ubuntu1_amd64.deb ...
Unpacking gpg-agent (2.2.4-1ubuntu1) ...
Selecting previously unselected package gpg-wks-client.
Preparing to unpack .../094-gpg-wks-client_2.2.4-1ubuntu1_amd64.deb ...
Unpacking gpg-wks-client (2.2.4-1ubuntu1) ...
Selecting previously unselected package gpg-wks-server.
Preparing to unpack .../095-gpg-wks-server_2.2.4-1ubuntu1_amd64.deb ...
Unpacking gpg-wks-server (2.2.4-1ubuntu1) ...
Selecting previously unselected package gpgsm.
Preparing to unpack .../096-gpgsm_2.2.4-1ubuntu1_amd64.deb ...
Unpacking gpgsm (2.2.4-1ubuntu1) ...
Selecting previously unselected package gnupg.
Preparing to unpack .../097-gnupg_2.2.4-1ubuntu1_amd64.deb ...
Unpacking gnupg (2.2.4-1ubuntu1) ...
Selecting previously unselected package libalgorithm-diff-perl.
Preparing to unpack .../098-libalgorithm-diff-perl_1.19.03-1_all.deb ...
Unpacking libalgorithm-diff-perl (1.19.03-1) ...
Selecting previously unselected package libalgorithm-diff-xs-perl.
Preparing to unpack .../099-libalgorithm-diff-xs-perl_0.04-5_amd64.deb ...
Unpacking libalgorithm-diff-xs-perl (0.04-5) ...
Selecting previously unselected package libalgorithm-merge-perl.
Preparing to unpack .../100-libalgorithm-merge-perl_0.08-3_all.deb ...
Unpacking libalgorithm-merge-perl (0.08-3) ...
Selecting previously unselected package libexpat1-dev:amd64.
Preparing to unpack .../101-libexpat1-dev_2.2.5-3_amd64.deb ...
Unpacking libexpat1-dev:amd64 (2.2.5-3) ...
Selecting previously unselected package libfile-fcntllock-perl.
Preparing to unpack .../102-libfile-fcntllock-perl_0.22-3build2_amd64.deb ...
Unpacking libfile-fcntllock-perl (0.22-3build2) ...
Selecting previously unselected package libpython2.7:amd64.
Preparing to unpack .../103-libpython2.7_2.7.15~rc1-1_amd64.deb ...
Unpacking libpython2.7:amd64 (2.7.15~rc1-1) ...
Selecting previously unselected package libpython2.7-dev:amd64.
Preparing to unpack .../104-libpython2.7-dev_2.7.15~rc1-1_amd64.deb ...
Unpacking libpython2.7-dev:amd64 (2.7.15~rc1-1) ...
Selecting previously unselected package libpython-dev:amd64.
Preparing to unpack .../105-libpython-dev_2.7.15~rc1-1_amd64.deb ...
Unpacking libpython-dev:amd64 (2.7.15~rc1-1) ...
Selecting previously unselected package libpython3.6:amd64.
Preparing to unpack .../106-libpython3.6_3.6.5-3_amd64.deb ...
Unpacking libpython3.6:amd64 (3.6.5-3) ...
Selecting previously unselected package libpython3.6-dev:amd64.
Preparing to unpack .../107-libpython3.6-dev_3.6.5-3_amd64.deb ...
Unpacking libpython3.6-dev:amd64 (3.6.5-3) ...
Selecting previously unselected package libpython3-dev:amd64.
Preparing to unpack .../108-libpython3-dev_3.6.5-3_amd64.deb ...
Unpacking libpython3-dev:amd64 (3.6.5-3) ...
Selecting previously unselected package libsasl2-modules:amd64.
Preparing to unpack .../109-libsasl2-modules_2.1.27~101-g0780600+dfsg-3ubuntu2_amd64.deb ...
Unpacking libsasl2-modules:amd64 (2.1.27~101-g0780600+dfsg-3ubuntu2) ...
Selecting previously unselected package libssl-dev:amd64.
Preparing to unpack .../110-libssl-dev_1.1.0g-2ubuntu4_amd64.deb ...
Unpacking libssl-dev:amd64 (1.1.0g-2ubuntu4) ...
Selecting previously unselected package libssl-doc.
Preparing to unpack .../111-libssl-doc_1.1.0g-2ubuntu4_all.deb ...
Unpacking libssl-doc (1.1.0g-2ubuntu4) ...
Selecting previously unselected package manpages-dev.
Preparing to unpack .../112-manpages-dev_4.15-1_all.deb ...
Unpacking manpages-dev (4.15-1) ...
Selecting previously unselected package python2.7-dev.
Preparing to unpack .../113-python2.7-dev_2.7.15~rc1-1_amd64.deb ...
Unpacking python2.7-dev (2.7.15~rc1-1) ...
Selecting previously unselected package python-dev.
Preparing to unpack .../114-python-dev_2.7.15~rc1-1_amd64.deb ...
Unpacking python-dev (2.7.15~rc1-1) ...
Selecting previously unselected package python3.6-dev.
Preparing to unpack .../115-python3.6-dev_3.6.5-3_amd64.deb ...
Unpacking python3.6-dev (3.6.5-3) ...
Selecting previously unselected package python3-dev.
Preparing to unpack .../116-python3-dev_3.6.5-3_amd64.deb ...
Unpacking python3-dev (3.6.5-3) ...
Setting up libquadmath0:amd64 (8-20180414-1ubuntu2) ...
Setting up libnpth0:amd64 (1.5-3) ...
Setting up libedit2:amd64 (3.1-20170329-1) ...
Setting up libgomp1:amd64 (8-20180414-1ubuntu2) ...
Setting up libatomic1:amd64 (8-20180414-1ubuntu2) ...
Setting up readline-common (7.0-3) ...
Setting up manpages (4.15-1) ...
Setting up git-man (1:2.17.0-1ubuntu1) ...
Setting up libcc1-0:amd64 (8-20180414-1ubuntu2) ...
Setting up less (487-0.1) ...
debconf: unable to initialize frontend: Dialog
debconf: (No usable dialog-like program is installed, so the dialog based frontend cannot be used. at /usr/share/perl5/Debconf/FrontEnd/Dialog.pm line 76.)
debconf: falling back to frontend: Readline
Setting up make (4.1-9.1ubuntu1) ...
Setting up libssl1.0.0:amd64 (1.0.2n-1ubuntu5) ...
debconf: unable to initialize frontend: Dialog
debconf: (No usable dialog-like program is installed, so the dialog based frontend cannot be used. at /usr/share/perl5/Debconf/FrontEnd/Dialog.pm line 76.)
debconf: falling back to frontend: Readline
Setting up libnghttp2-14:amd64 (1.30.0-1ubuntu1) ...
Setting up mime-support (3.60ubuntu1) ...
Setting up libldap-common (2.4.45+dfsg-1ubuntu1) ...
Setting up libreadline7:amd64 (7.0-3) ...
Setting up libpsl5:amd64 (0.19.1-5build1) ...
Setting up libtsan0:amd64 (8-20180414-1ubuntu2) ...
Setting up libssl-dev:amd64 (1.1.0g-2ubuntu4) ...
Setting up libsasl2-modules-db:amd64 (2.1.27~101-g0780600+dfsg-3ubuntu2) ...
Setting up linux-libc-dev:amd64 (4.15.0-20.21) ...
Setting up libmpfr6:amd64 (4.0.1-1) ...
Setting up libsasl2-2:amd64 (2.1.27~101-g0780600+dfsg-3ubuntu2) ...
Setting up libroken18-heimdal:amd64 (7.5.0+dfsg-1) ...
Setting up libksba8:amd64 (1.3.5-2) ...
Setting up librtmp1:amd64 (2.4+20151223.gitfa8646d.1-1) ...
Setting up perl-modules-5.26 (5.26.1-6) ...
Setting up libgdbm5:amd64 (1.14.1-6) ...
Setting up libbsd0:amd64 (0.8.7-1) ...
Setting up libkrb5support0:amd64 (1.16-2build1) ...
Setting up libmagic-mgc (1:5.32-2) ...
Setting up gnupg-l10n (2.2.4-1ubuntu1) ...
Setting up bzip2 (1.0.6-8.1) ...
Setting up libmagic1:amd64 (1:5.32-2) ...
Setting up liblsan0:amd64 (8-20180414-1ubuntu2) ...
Setting up gcc-7-base:amd64 (7.3.0-16ubuntu3) ...
Setting up binutils-common:amd64 (2.30-15ubuntu1) ...
Setting up libmpx2:amd64 (8-20180414-1ubuntu2) ...
Setting up patch (2.7.6-2ubuntu1) ...
Setting up krb5-locales (1.16-2build1) ...
Processing triggers for libc-bin (2.27-3ubuntu1) ...
Setting up publicsuffix (20180223.1310-1) ...
Setting up xz-utils (5.2.2-1.3) ...
update-alternatives: using /usr/bin/xz to provide /usr/bin/lzma (lzma) in auto mode
Setting up libheimbase1-heimdal:amd64 (7.5.0+dfsg-1) ...
Setting up libfakeroot:amd64 (1.22-2ubuntu1) ...
Setting up openssl (1.1.0g-2ubuntu4) ...
Setting up wget (1.19.4-1ubuntu2) ...
Setting up libsqlite3-0:amd64 (3.22.0-1) ...
Setting up liblocale-gettext-perl (1.07-3build2) ...
Setting up libmpc3:amd64 (1.1.0-1) ...
Setting up libssl-doc (1.1.0g-2ubuntu4) ...
Setting up libc-dev-bin (2.27-3ubuntu1) ...
Setting up libxdmcp6:amd64 (1:1.1.2-3) ...
Setting up libgdbm-compat4:amd64 (1.14.1-6) ...
Setting up libkeyutils1:amd64 (1.5.9-9.2ubuntu2) ...
Setting up libsasl2-modules:amd64 (2.1.27~101-g0780600+dfsg-3ubuntu2) ...
Setting up ca-certificates (20180409) ...
debconf: unable to initialize frontend: Dialog
debconf: (No usable dialog-like program is installed, so the dialog based frontend cannot be used. at /usr/share/perl5/Debconf/FrontEnd/Dialog.pm line 76.)
debconf: falling back to frontend: Readline
Updating certificates in /etc/ssl/certs...
133 added, 0 removed; done.
Setting up manpages-dev (4.15-1) ...
Setting up libc6-dev:amd64 (2.27-3ubuntu1) ...
Setting up libassuan0:amd64 (2.5.1-2) ...
Setting up libitm1:amd64 (8-20180414-1ubuntu2) ...
Setting up libx11-data (2:1.6.4-3) ...
Setting up libpython2.7-stdlib:amd64 (2.7.15~rc1-1) ...
Setting up libxau6:amd64 (1:1.0.8-1) ...
Setting up libmpdec2:amd64 (2.4.2-1ubuntu1) ...
Setting up netbase (5.4) ...
Setting up libisl19:amd64 (0.19-1) ...
Setting up libpython3.6-stdlib:amd64 (3.6.5-3) ...
Setting up libk5crypto3:amd64 (1.16-2build1) ...
Setting up python3.6 (3.6.5-3) ...
Setting up libwind0-heimdal:amd64 (7.5.0+dfsg-1) ...
Setting up libasan4:amd64 (7.3.0-16ubuntu3) ...
Setting up libbinutils:amd64 (2.30-15ubuntu1) ...
Setting up libcilkrts5:amd64 (7.3.0-16ubuntu3) ...
Setting up libasn1-8-heimdal:amd64 (7.5.0+dfsg-1) ...
Setting up libubsan0:amd64 (7.3.0-16ubuntu3) ...
Setting up gpgconf (2.2.4-1ubuntu1) ...
Setting up libhcrypto4-heimdal:amd64 (7.5.0+dfsg-1) ...
Setting up python2.7 (2.7.15~rc1-1) ...
Setting up file (1:5.32-2) ...
Setting up fakeroot (1.22-2ubuntu1) ...
update-alternatives: using /usr/bin/fakeroot-sysv to provide /usr/bin/fakeroot (fakeroot) in auto mode
Setting up libhx509-5-heimdal:amd64 (7.5.0+dfsg-1) ...
Setting up libgcc-7-dev:amd64 (7.3.0-16ubuntu3) ...
Setting up cpp-7 (7.3.0-16ubuntu3) ...
Setting up libstdc++-7-dev:amd64 (7.3.0-16ubuntu3) ...
Setting up libpython-stdlib:amd64 (2.7.15~rc1-1) ...
Setting up libperl5.26:amd64 (5.26.1-6) ...
Setting up gpgsm (2.2.4-1ubuntu1) ...
Setting up libpython2.7:amd64 (2.7.15~rc1-1) ...
Setting up gnupg-utils (2.2.4-1ubuntu1) ...
Setting up libexpat1-dev:amd64 (2.2.5-3) ...
Setting up pinentry-curses (1.1.0-1) ...
Setting up libkrb5-3:amd64 (1.16-2build1) ...
Setting up libpython2.7-dev:amd64 (2.7.15~rc1-1) ...
Setting up libkrb5-26-heimdal:amd64 (7.5.0+dfsg-1) ...
Setting up python2.7-dev (2.7.15~rc1-1) ...
Setting up libxcb1:amd64 (1.13-1) ...
Setting up libheimntlm0-heimdal:amd64 (7.5.0+dfsg-1) ...
Setting up python (2.7.15~rc1-1) ...
Setting up gpg (2.2.4-1ubuntu1) ...
Setting up libpython3.6:amd64 (3.6.5-3) ...
Setting up binutils-x86-64-linux-gnu (2.30-15ubuntu1) ...
Setting up libpython3-stdlib:amd64 (3.6.5-3) ...
Setting up cpp (4:7.3.0-3ubuntu2) ...
Setting up libpython-dev:amd64 (2.7.15~rc1-1) ...
Setting up python3 (3.6.5-3) ...
running python rtupdate hooks for python3.6...
running python post-rtupdate hooks for python3.6...
Setting up python-dev (2.7.15~rc1-1) ...
Setting up libx11-6:amd64 (2:1.6.4-3) ...
Setting up gpg-agent (2.2.4-1ubuntu1) ...
Setting up gpg-wks-server (2.2.4-1ubuntu1) ...
Setting up libpython3.6-dev:amd64 (3.6.5-3) ...
Setting up libxmuu1:amd64 (2:1.1.2-2) ...
Setting up libgssapi-krb5-2:amd64 (1.16-2build1) ...
Setting up perl (5.26.1-6) ...
Setting up libfile-fcntllock-perl (0.22-3build2) ...
Setting up libalgorithm-diff-perl (1.19.03-1) ...
Setting up binutils (2.30-15ubuntu1) ...
Setting up libgssapi3-heimdal:amd64 (7.5.0+dfsg-1) ...
Setting up python3.6-dev (3.6.5-3) ...
Setting up python3-lib2to3 (3.6.5-3) ...
Setting up openssh-client (1:7.6p1-4) ...
Setting up python3-distutils (3.6.5-3) ...
Setting up libpython3-dev:amd64 (3.6.5-3) ...
Setting up libxext6:amd64 (2:1.3.3-1) ...
Setting up gcc-7 (7.3.0-16ubuntu3) ...
Setting up liberror-perl (0.17025-1) ...
Setting up g++-7 (7.3.0-16ubuntu3) ...
Setting up libdpkg-perl (1.19.0.5ubuntu2) ...
Setting up gcc (4:7.3.0-3ubuntu2) ...
Setting up xauth (1:1.0.10-1) ...
Setting up libalgorithm-merge-perl (0.08-3) ...
Setting up dpkg-dev (1.19.0.5ubuntu2) ...
Setting up libalgorithm-diff-xs-perl (0.04-5) ...
Setting up libldap-2.4-2:amd64 (2.4.45+dfsg-1ubuntu1) ...
Setting up g++ (4:7.3.0-3ubuntu2) ...
update-alternatives: using /usr/bin/g++ to provide /usr/bin/c++ (c++) in auto mode
Setting up dirmngr (2.2.4-1ubuntu1) ...
Setting up dh-python (3.20180325ubuntu2) ...
Setting up build-essential (12.4ubuntu1) ...
Setting up libcurl3-gnutls:amd64 (7.58.0-2ubuntu3) ...
Setting up python3-dev (3.6.5-3) ...
Setting up gpg-wks-client (2.2.4-1ubuntu1) ...
Setting up git (1:2.17.0-1ubuntu1) ...
Setting up gnupg (2.2.4-1ubuntu1) ...
Processing triggers for libc-bin (2.27-3ubuntu1) ...
Processing triggers for ca-certificates (20180409) ...
Updating certificates in /etc/ssl/certs...
0 added, 0 removed; done.
Running hooks in /etc/ca-certificates/update.d...
done.
Reading package lists...
Building dependency tree...
Reading state information...
E: Unable to locate package libglpk-dev
E: Unable to locate package protobuf-compiler
FATAL:   While performing build: while running engine: exit status 100
